<?xml version="1.0" encoding="UTF-8"?>
<!-- Generated by org.testng.reporters.JUnitReportReporter -->
<testsuite skipped="0" hostname="BDC4-D-DN0FH92" name="com.tests.NewTest6" tests="1" failures="0" timestamp="27 Jul 2018 04:52:18 GMT" time="4.983" errors="0">
  <testcase name="test" time="4.983" classname="com.tests.NewTest6"/>
</testsuite> <!-- com.tests.NewTest6 -->
