<?xml version="1.0" encoding="UTF-8"?>
<!-- Generated by org.testng.reporters.JUnitReportReporter -->
<testsuite skipped="0" hostname="BDC4-D-DN0FH92" name="com.tests.NewTest5" tests="1" failures="0" timestamp="27 Jul 2018 03:48:16 GMT" time="52.456" errors="0">
  <testcase name="test" time="52.456" classname="com.tests.NewTest5"/>
</testsuite> <!-- com.tests.NewTest5 -->
