<?xml version="1.0" encoding="UTF-8"?>
<!-- Generated by org.testng.reporters.JUnitReportReporter -->
<testsuite skipped="0" hostname="BDC4-D-DN0FH92" name="com.tests.NewTest7" tests="1" failures="0" timestamp="27 Jul 2018 07:07:01 GMT" time="54.359" errors="0">
  <testcase name="testLogin" time="54.359" classname="com.tests.NewTest7"/>
</testsuite> <!-- com.tests.NewTest7 -->
