<?xml version="1.0" encoding="UTF-8"?>
<!-- Generated by org.testng.reporters.JUnitReportReporter -->
<testsuite skipped="0" hostname="BDC4-D-DN0FH92" name="com.tests.NewTest3" tests="1" failures="0" timestamp="26 Jul 2018 10:05:31 GMT" time="33.464" errors="0">
  <testcase name="testHDFC" time="33.464" classname="com.tests.NewTest3"/>
</testsuite> <!-- com.tests.NewTest3 -->
