<?xml version="1.0" encoding="UTF-8"?>
<!-- Generated by org.testng.reporters.JUnitReportReporter -->
<testsuite skipped="0" hostname="BDC4-D-DN0FH92" name="com.tests.NewTest4" tests="1" failures="0" timestamp="26 Jul 2018 10:43:17 GMT" time="41.737" errors="0">
  <testcase name="testClearTrip" time="41.737" classname="com.tests.NewTest4"/>
</testsuite> <!-- com.tests.NewTest4 -->
