<?xml version="1.0" encoding="UTF-8"?>
<!-- Generated by org.testng.reporters.JUnitReportReporter -->
<testsuite skipped="0" hostname="BDC4-D-DN0FH92" name="com.tests.NewTest1" tests="4" failures="0" timestamp="26 Jul 2018 07:09:51 GMT" time="0.027" errors="0">
  <testcase name="f" time="0.016" classname="com.tests.NewTest1"/>
  <testcase name="lmn" time="0.004" classname="com.tests.NewTest1"/>
  <testcase name="xyz" time="0.005" classname="com.tests.NewTest1"/>
  <testcase name="testabc" time="0.002" classname="com.tests.NewTest1"/>
</testsuite> <!-- com.tests.NewTest1 -->
